2025-05-23 16:51:31 info: Congratulations, your extension "Embold" is now active!
2025-05-23 16:51:31 info: ************* init ****************
2025-05-23 16:51:31 info: tempDirectory : c:\Users\USER\.vscode\extensions\embold-vscode.embold-0.3.0\temp
2025-05-23 16:51:32 info: Extraction complete for source: c:\Users\USER\.vscode\extensions\embold-vscode.embold-0.3.0\resources\embold-scanner-archive.zip, destination: c:\Users\USER\.vscode\extensions\embold-vscode.embold-0.3.0\temp
2025-05-23 16:51:32 info: Extension installed on machine OS : win32
2025-05-23 16:51:32 info: Fetched the issues from DB
2025-05-23 16:51:32 info: Java version installed on machine : 
openjdk version "17.0.14" 2025-01-21 LTS
OpenJDK Runtime Environment Microsoft-10800295 (build 17.0.14+7-LTS)
OpenJDK 64-Bit Server VM Microsoft-10800295 (build 17.0.14+7-LTS, mixed mode, sharing)

2025-05-23 16:51:32 info: Java installed on machine.
2025-05-23 16:51:33 info: Embold extension version response:{"hasSupport":false,"version":"0.2.1","changeNotes":"<div> <p>Release Date: 30 Apr, 2025 <br><span>Bug fixes and improvements.</span></p> </div>"}
2025-05-23 16:51:33 info: Current installed embold extension version : 0.3.0
2025-05-23 16:51:33 info: Latest embold extension version on marketplace : 0.2.1
2025-05-23 16:51:33 info: Current extension version: 0.3.0
2025-05-23 16:51:33 info: Stored extension version: 0.3.0
2025-05-23 16:51:33 info: No new installation or upgrade detected. Skipping plugin activation tracking.
2025-05-23 16:55:49 info: Row(s) deleted
2025-05-23 17:09:42 info: Row(s) deleted
2025-05-23 17:26:26 info: Row(s) deleted
2025-05-23 17:38:05 info: Row(s) deleted
2025-05-23 17:52:45 info: Row(s) deleted
2025-05-23 17:55:50 info: Row(s) deleted
2025-05-23 18:03:21 info: Row(s) deleted
2025-05-23 18:05:58 info: Congratulations, your extension "Embold" is now active!
2025-05-23 18:05:58 info: ************* init ****************
2025-05-23 18:05:58 info: tempDirectory : c:\Users\USER\.vscode\extensions\embold-vscode.embold-0.3.0\temp
2025-05-23 18:06:00 info: Extraction complete for source: c:\Users\USER\.vscode\extensions\embold-vscode.embold-0.3.0\resources\embold-scanner-archive.zip, destination: c:\Users\USER\.vscode\extensions\embold-vscode.embold-0.3.0\temp
2025-05-23 18:06:00 info: Extension installed on machine OS : win32
2025-05-23 18:06:01 info: Fetched the issues from DB
2025-05-23 18:06:01 info: Embold extension version response:{"hasSupport":false,"version":"0.2.1","changeNotes":"<div> <p>Release Date: 30 Apr, 2025 <br><span>Bug fixes and improvements.</span></p> </div>"}
2025-05-23 18:06:01 info: Current installed embold extension version : 0.3.0
2025-05-23 18:06:01 info: Latest embold extension version on marketplace : 0.2.1
2025-05-23 18:06:01 info: Current extension version: 0.3.0
2025-05-23 18:06:01 info: Stored extension version: 0.3.0
2025-05-23 18:06:01 info: No new installation or upgrade detected. Skipping plugin activation tracking.
2025-05-23 18:06:01 info: Java version installed on machine : 
openjdk version "17.0.14" 2025-01-21 LTS
OpenJDK Runtime Environment Microsoft-10800295 (build 17.0.14+7-LTS)
OpenJDK 64-Bit Server VM Microsoft-10800295 (build 17.0.14+7-LTS, mixed mode, sharing)

2025-05-23 18:06:01 info: Java installed on machine.
2025-05-23 18:48:44 info: Row(s) deleted
2025-05-23 18:49:20 info: Row(s) deleted
2025-05-23 18:49:20 info: Row(s) deleted
2025-05-23 18:53:30 info: Row(s) deleted
2025-05-23 18:57:18 info: Row(s) deleted
2025-05-23 19:17:35 info: Row(s) deleted
2025-05-23 19:18:57 info: Row(s) deleted
2025-05-23 19:22:02 info: Row(s) deleted
2025-05-23 19:23:21 info: Row(s) deleted
2025-05-23 19:26:48 info: Row(s) deleted
2025-05-23 20:00:30 info: Row(s) deleted
2025-05-23 20:09:56 info: Row(s) deleted
2025-05-23 20:11:33 info: Row(s) deleted
2025-05-23 20:11:35 info: Row(s) deleted
2025-05-23 20:29:33 info: Row(s) deleted
2025-05-23 20:32:29 info: Row(s) deleted
2025-05-23 20:32:34 info: Row(s) deleted
2025-05-23 20:35:35 info: Row(s) deleted
2025-05-23 20:38:25 info: Congratulations, your extension "Embold" is now active!
2025-05-23 20:38:25 info: ************* init ****************
2025-05-23 20:38:25 info: tempDirectory : c:\Users\USER\.vscode\extensions\embold-vscode.embold-0.3.0\temp
2025-05-23 20:38:27 info: Extraction complete for source: c:\Users\USER\.vscode\extensions\embold-vscode.embold-0.3.0\resources\embold-scanner-archive.zip, destination: c:\Users\USER\.vscode\extensions\embold-vscode.embold-0.3.0\temp
2025-05-23 20:38:27 info: Extension installed on machine OS : win32
2025-05-23 20:38:27 info: Fetched the issues from DB
2025-05-23 20:38:28 info: Embold extension version response:{"hasSupport":false,"version":"0.2.1","changeNotes":"<div> <p>Release Date: 30 Apr, 2025 <br><span>Bug fixes and improvements.</span></p> </div>"}
2025-05-23 20:38:28 info: Current installed embold extension version : 0.3.0
2025-05-23 20:38:28 info: Latest embold extension version on marketplace : 0.2.1
2025-05-23 20:38:28 info: Current extension version: 0.3.0
2025-05-23 20:38:28 info: Stored extension version: 0.3.0
2025-05-23 20:38:28 info: No new installation or upgrade detected. Skipping plugin activation tracking.
2025-05-23 20:38:28 info: Java version installed on machine : 
openjdk version "17.0.14" 2025-01-21 LTS
OpenJDK Runtime Environment Microsoft-10800295 (build 17.0.14+7-LTS)
OpenJDK 64-Bit Server VM Microsoft-10800295 (build 17.0.14+7-LTS, mixed mode, sharing)

2025-05-23 20:38:28 info: Java installed on machine.
2025-05-24 00:57:57 info: Row(s) deleted
2025-05-24 01:01:22 info: Row(s) deleted
2025-05-26 13:16:09 info: Congratulations, your extension "Embold" is now active!
2025-05-26 13:16:09 info: ************* init ****************
2025-05-26 13:16:09 info: tempDirectory : c:\Users\USER\.vscode\extensions\embold-vscode.embold-0.3.0\temp
2025-05-26 13:16:11 info: Extraction complete for source: c:\Users\USER\.vscode\extensions\embold-vscode.embold-0.3.0\resources\embold-scanner-archive.zip, destination: c:\Users\USER\.vscode\extensions\embold-vscode.embold-0.3.0\temp
2025-05-26 13:16:11 info: Extension installed on machine OS : win32
2025-05-26 13:16:11 info: Fetched the issues from DB
2025-05-26 13:16:11 info: Java version installed on machine : 
openjdk version "17.0.14" 2025-01-21 LTS
OpenJDK Runtime Environment Microsoft-10800295 (build 17.0.14+7-LTS)
OpenJDK 64-Bit Server VM Microsoft-10800295 (build 17.0.14+7-LTS, mixed mode, sharing)

2025-05-26 13:16:11 info: Java installed on machine.
2025-05-26 13:16:27 info: Embold extension version response:{"hasSupport":false,"version":"0.2.1","changeNotes":"<div> <p>Release Date: 30 Apr, 2025 <br><span>Bug fixes and improvements.</span></p> </div>"}
2025-05-26 13:16:27 info: Current installed embold extension version : 0.3.0
2025-05-26 13:16:27 info: Latest embold extension version on marketplace : 0.2.1
2025-05-26 13:16:27 info: Current extension version: 0.3.0
2025-05-26 13:16:27 info: Stored extension version: 0.3.0
2025-05-26 13:16:27 info: No new installation or upgrade detected. Skipping plugin activation tracking.
2025-05-26 13:16:27 info: Row(s) deleted
2025-05-26 13:20:11 info: Row(s) deleted
2025-05-26 13:28:16 info: Row(s) deleted
2025-05-26 13:30:19 info: Row(s) deleted
2025-05-26 13:34:19 info: Row(s) deleted
2025-05-26 13:37:21 info: Row(s) deleted
2025-05-26 13:38:10 info: Row(s) deleted
2025-05-26 13:38:10 info: Row(s) deleted
2025-05-26 13:38:10 info: Row(s) deleted
2025-05-26 13:38:40 info: Row(s) deleted
2025-05-26 13:38:41 info: Row(s) deleted
2025-05-26 13:40:28 info: Row(s) deleted
2025-05-26 13:43:33 info: Row(s) deleted
2025-05-26 13:46:44 info: Row(s) deleted
2025-05-26 13:49:46 info: Row(s) deleted
2025-05-26 13:54:32 info: Row(s) deleted
2025-05-26 13:57:34 info: Row(s) deleted
2025-05-26 13:59:50 info: Row(s) deleted
2025-05-26 14:01:00 info: Row(s) deleted
2025-05-26 14:01:41 info: Row(s) deleted
2025-05-26 14:04:02 info: Row(s) deleted
2025-05-26 14:07:03 info: Row(s) deleted
2025-05-26 14:10:44 info: Row(s) deleted
2025-05-26 14:11:55 info: Row(s) deleted
2025-05-26 14:13:46 info: Row(s) deleted
2025-05-26 14:14:49 info: Row(s) deleted
2025-05-26 14:17:36 info: Row(s) deleted
2025-05-26 14:27:24 info: Row(s) deleted
2025-05-26 14:40:54 info: Row(s) deleted
